2018-07-10T08:03:50+00:00 DEBUG 
====Stripe Version: 4.1.7====
====Start Log====
Error: stdClass Object
(
    [token_id] => 
    [customer] => 
    [source] => 
    [source_object] => 
)

====End Log====


2018-07-10T08:04:24+00:00 DEBUG 
====Stripe Version: 4.1.7====
====Start Log====
sources/src_1CmGpbHkTkwFHbkCGkEYorTN
====End Log====


2018-07-10T08:04:24+00:00 DEBUG 
====Stripe Version: 4.1.7====
====Start Log====
Error Response: WP_Error Object
(
    [errors] => Array
        (
            [http_request_failed] => Array
                (
                    [0] => cURL error 35: Unknown SSL protocol error in connection to api.stripe.com:443 
                )

        )

    [error_data] => Array
        (
        )

)

====End Log====


2018-07-10T08:04:24+00:00 DEBUG 
====Stripe Version: 4.1.7====
====Start Log====
Error: stdClass Object
(
    [token_id] => 
    [customer] => 
    [source] => 
    [source_object] => WP_Error Object
        (
            [errors] => Array
                (
                    [stripe_error] => Array
                        (
                            [0] => There was a problem connecting to the Stripe API endpoint.
                        )

                )

            [error_data] => Array
                (
                )

        )

)

====End Log====


